<?xml version="1.0" encoding="UTF-8"?>
<!-- Generated by org.testng.reporters.JUnitXMLReporter -->
<testsuite hostname="DESKTOP-0NSM1IS" ignored="2" name="Default test" tests="1" failures="0" timestamp="2022-01-31T19:52:18 IST" time="0.457" errors="0">
  <testcase name="testAddCustomer" time="0.0" classname="testpages.TestPageCustomer">
    <skipped/>
  </testcase> <!-- testAddCustomer -->
  <testcase name="testInvalidCustomerCreation" time="0.0" classname="testpages.TestPageCustomer">
    <ignored/>
  </testcase> <!-- testInvalidCustomerCreation -->
  <testcase name="testAssignTariff" time="0.0" classname="testpages.TestPageCustomer">
    <ignored/>
  </testcase> <!-- testAssignTariff -->
</testsuite> <!-- Default test -->
